-------------------------------------------------------------------------------
Test set: com.CircleTest
-------------------------------------------------------------------------------
Tests run: 2, Failures: 1, Errors: 0, Skipped: 0, Time elapsed: 0.058 s <<< FAILURE! - in com.CircleTest
test2  Time elapsed: 0.012 s  <<< FAILURE!
org.opentest4j.AssertionFailedError: expected: <x2=5> but was: <x2=15>
	at com.CircleTest.test2(CircleTest.java:30)

