<?xml version="1.0" encoding="UTF-8"?>
<testsuite xmlns:xsi="http://www.w3.org/2001/XMLSchema-instance" xsi:noNamespaceSchemaLocation="https://maven.apache.org/surefire/maven-surefire-plugin/xsd/surefire-test-report.xsd" name="com.CircleTest" time="0.058" tests="2" errors="0" skipped="0" failures="1">
  <properties>
[...]
</properties>
  <testcase name="test" classname="com.CircleTest" time="0.033"/>
  <testcase name="test2" classname="com.CircleTest" time="0.012">
    <failure message="expected: &lt;x2=5&gt; but was: &lt;x2=15&gt;" type="org.opentest4j.AssertionFailedError"><![CDATA[org.opentest4j.AssertionFailedError: expected: <x2=5> but was: <x2=15>
	at com.CircleTest.test2(CircleTest.java:30)
]]></failure>
    <system-out><![CDATA[x2 =15
]]></system-out>
  </testcase>
</testsuite>